[9/29/2023, 2:26:27 PM] error: uncaughtException: Cannot find module './routes/userRoute'
Require stack:
- D:\NODE JS PROGRAM\DINSHWAS_HOSTING_WEB\Dinshwas-Voucher-Entry-software\app.js
Error: Cannot find module './routes/userRoute'
Require stack:
- D:\NODE JS PROGRAM\DINSHWAS_HOSTING_WEB\Dinshwas-Voucher-Entry-software\app.js
    at Module._resolveFilename (node:internal/modules/cjs/loader:1090:15)
    at Module._load (node:internal/modules/cjs/loader:934:27)
    at Module.require (node:internal/modules/cjs/loader:1157:19)
    at require (node:internal/modules/helpers:119:18)
    at Object.<anonymous> (D:\NODE JS PROGRAM\DINSHWAS_HOSTING_WEB\Dinshwas-Voucher-Entry-software\app.js:67:18)
    at Module._compile (node:internal/modules/cjs/loader:1275:14)
    at Module._extensions..js (node:internal/modules/cjs/loader:1329:10)
    at Module.load (node:internal/modules/cjs/loader:1133:32)
    at Module._load (node:internal/modules/cjs/loader:972:12)
    at Function.executeUserEntryPoint [as runMain] (node:internal/modules/run_main:83:12)
[9/29/2023, 2:28:08 PM] error: uncaughtException: Cannot find module '../routes/userRoute'
Require stack:
- D:\NODE JS PROGRAM\DINSHWAS_HOSTING_WEB\Dinshwas-Voucher-Entry-software\app.js
Error: Cannot find module '../routes/userRoute'
Require stack:
- D:\NODE JS PROGRAM\DINSHWAS_HOSTING_WEB\Dinshwas-Voucher-Entry-software\app.js
    at Module._resolveFilename (node:internal/modules/cjs/loader:1090:15)
    at Module._load (node:internal/modules/cjs/loader:934:27)
    at Module.require (node:internal/modules/cjs/loader:1157:19)
    at require (node:internal/modules/helpers:119:18)
    at Object.<anonymous> (D:\NODE JS PROGRAM\DINSHWAS_HOSTING_WEB\Dinshwas-Voucher-Entry-software\app.js:67:18)
    at Module._compile (node:internal/modules/cjs/loader:1275:14)
    at Module._extensions..js (node:internal/modules/cjs/loader:1329:10)
    at Module.load (node:internal/modules/cjs/loader:1133:32)
    at Module._load (node:internal/modules/cjs/loader:972:12)
    at Function.executeUserEntryPoint [as runMain] (node:internal/modules/run_main:83:12)
[9/29/2023, 2:28:17 PM] error: uncaughtException: Cannot find module '/'
Require stack:
- D:\NODE JS PROGRAM\DINSHWAS_HOSTING_WEB\Dinshwas-Voucher-Entry-software\app.js
Error: Cannot find module '/'
Require stack:
- D:\NODE JS PROGRAM\DINSHWAS_HOSTING_WEB\Dinshwas-Voucher-Entry-software\app.js
    at Module._resolveFilename (node:internal/modules/cjs/loader:1090:15)
    at Module._load (node:internal/modules/cjs/loader:934:27)
    at Module.require (node:internal/modules/cjs/loader:1157:19)
    at require (node:internal/modules/helpers:119:18)
    at Object.<anonymous> (D:\NODE JS PROGRAM\DINSHWAS_HOSTING_WEB\Dinshwas-Voucher-Entry-software\app.js:67:18)
    at Module._compile (node:internal/modules/cjs/loader:1275:14)
    at Module._extensions..js (node:internal/modules/cjs/loader:1329:10)
    at Module.load (node:internal/modules/cjs/loader:1133:32)
    at Module._load (node:internal/modules/cjs/loader:972:12)
    at Function.executeUserEntryPoint [as runMain] (node:internal/modules/run_main:83:12)
[9/29/2023, 2:28:24 PM] error: uncaughtException: Cannot find module 'D:\NODE JS PROGRAM\DINSHWAS_HOSTING_WEB\Dinshwas-Voucher-Entry-software\index.js'. Please verify that the package.json has a valid "main" entry
Error: Cannot find module 'D:\NODE JS PROGRAM\DINSHWAS_HOSTING_WEB\Dinshwas-Voucher-Entry-software\index.js'. Please verify that the package.json has a valid "main" entry
    at tryPackage (node:internal/modules/cjs/loader:448:19)
    at Module._findPath (node:internal/modules/cjs/loader:692:18)
    at Module._resolveFilename (node:internal/modules/cjs/loader:1076:27)
    at Module._load (node:internal/modules/cjs/loader:934:27)
    at Module.require (node:internal/modules/cjs/loader:1157:19)
    at require (node:internal/modules/helpers:119:18)
    at Object.<anonymous> (D:\NODE JS PROGRAM\DINSHWAS_HOSTING_WEB\Dinshwas-Voucher-Entry-software\app.js:67:18)
    at Module._compile (node:internal/modules/cjs/loader:1275:14)
    at Module._extensions..js (node:internal/modules/cjs/loader:1329:10)
    at Module.load (node:internal/modules/cjs/loader:1133:32)
[9/29/2023, 2:28:27 PM] error: uncaughtException: Cannot find module './routes/'
Require stack:
- D:\NODE JS PROGRAM\DINSHWAS_HOSTING_WEB\Dinshwas-Voucher-Entry-software\app.js
Error: Cannot find module './routes/'
Require stack:
- D:\NODE JS PROGRAM\DINSHWAS_HOSTING_WEB\Dinshwas-Voucher-Entry-software\app.js
    at Module._resolveFilename (node:internal/modules/cjs/loader:1090:15)
    at Module._load (node:internal/modules/cjs/loader:934:27)
    at Module.require (node:internal/modules/cjs/loader:1157:19)
    at require (node:internal/modules/helpers:119:18)
    at Object.<anonymous> (D:\NODE JS PROGRAM\DINSHWAS_HOSTING_WEB\Dinshwas-Voucher-Entry-software\app.js:67:18)
    at Module._compile (node:internal/modules/cjs/loader:1275:14)
    at Module._extensions..js (node:internal/modules/cjs/loader:1329:10)
    at Module.load (node:internal/modules/cjs/loader:1133:32)
    at Module._load (node:internal/modules/cjs/loader:972:12)
    at Function.executeUserEntryPoint [as runMain] (node:internal/modules/run_main:83:12)
[9/29/2023, 2:28:34 PM] error: uncaughtException: getProfile is not defined
ReferenceError: getProfile is not defined
    at Object.<anonymous> (D:\NODE JS PROGRAM\DINSHWAS_HOSTING_WEB\Dinshwas-Voucher-Entry-software\controllers\userController.js:281:5)
    at Module._compile (node:internal/modules/cjs/loader:1275:14)
    at Module._extensions..js (node:internal/modules/cjs/loader:1329:10)
    at Module.load (node:internal/modules/cjs/loader:1133:32)
    at Module._load (node:internal/modules/cjs/loader:972:12)
    at Module.require (node:internal/modules/cjs/loader:1157:19)
    at require (node:internal/modules/helpers:119:18)
    at Object.<anonymous> (D:\NODE JS PROGRAM\DINSHWAS_HOSTING_WEB\Dinshwas-Voucher-Entry-software\routes\usersRoute.js:11:24)
    at Module._compile (node:internal/modules/cjs/loader:1275:14)
    at Module._extensions..js (node:internal/modules/cjs/loader:1329:10)
[9/29/2023, 2:28:59 PM] error: uncaughtException: getProfile is not defined
ReferenceError: getProfile is not defined
    at Object.<anonymous> (D:\NODE JS PROGRAM\DINSHWAS_HOSTING_WEB\Dinshwas-Voucher-Entry-software\controllers\userController.js:281:5)
    at Module._compile (node:internal/modules/cjs/loader:1275:14)
    at Module._extensions..js (node:internal/modules/cjs/loader:1329:10)
    at Module.load (node:internal/modules/cjs/loader:1133:32)
    at Module._load (node:internal/modules/cjs/loader:972:12)
    at Module.require (node:internal/modules/cjs/loader:1157:19)
    at require (node:internal/modules/helpers:119:18)
    at Object.<anonymous> (D:\NODE JS PROGRAM\DINSHWAS_HOSTING_WEB\Dinshwas-Voucher-Entry-software\routes\usersRoute.js:14:24)
    at Module._compile (node:internal/modules/cjs/loader:1275:14)
    at Module._extensions..js (node:internal/modules/cjs/loader:1329:10)
[9/29/2023, 2:48:06 PM] error: secretOrPrivateKey must have a value
[9/29/2023, 2:51:36 PM] error: Invalid login: 535-5.7.8 Username and Password not accepted. Learn more at
535 5.7.8  https://support.google.com/mail/?p=BadCredentials c3-20020a17090abf0300b0026b70d2a8a2sm967459pjs.29 - gsmtp
[9/29/2023, 2:56:14 PM] error: Invalid login: 535-5.7.8 Username and Password not accepted. Learn more at
535 5.7.8  https://support.google.com/mail/?p=BadCredentials jg6-20020a17090326c600b001c61df93afdsm9376458plb.59 - gsmtp
[9/29/2023, 3:35:59 PM] error: uncaughtException: data is not defined
ReferenceError: data is not defined
    at Object.adminDashboard (D:\NODE JS PROGRAM\DINSHWAS_HOSTING_WEB\Dinshwas-Voucher-Entry-software\controllers\dashboardController.js:9:9)
    at process.processTicksAndRejections (node:internal/process/task_queues:95:5)
[9/29/2023, 5:02:11 PM] error: uncaughtException: C is not defined
ReferenceError: C is not defined
    at Object.<anonymous> (D:\NODE JS PROGRAM\DINSHWAS_HOSTING_WEB\Dinshwas-Voucher-Entry-software\routes\voucherRoute.js:3:1)
    at Module._compile (node:internal/modules/cjs/loader:1275:14)
    at Module._extensions..js (node:internal/modules/cjs/loader:1329:10)
    at Module.load (node:internal/modules/cjs/loader:1133:32)
    at Module._load (node:internal/modules/cjs/loader:972:12)
    at Module.require (node:internal/modules/cjs/loader:1157:19)
    at require (node:internal/modules/helpers:119:18)
    at Object.<anonymous> (D:\NODE JS PROGRAM\DINSHWAS_HOSTING_WEB\Dinshwas-Voucher-Entry-software\app.js:67:29)
    at Module._compile (node:internal/modules/cjs/loader:1275:14)
    at Module._extensions..js (node:internal/modules/cjs/loader:1329:10)
[9/29/2023, 5:02:13 PM] error: uncaughtException: Identifier 'router' has already been declared
D:\NODE JS PROGRAM\DINSHWAS_HOSTING_WEB\Dinshwas-Voucher-Entry-software\routes\voucherRoute.js:4
router.get('/register', async (req, res) => {
^

SyntaxError: Identifier 'router' has already been declared
    at internalCompileFunction (node:internal/vm:73:18)
    at wrapSafe (node:internal/modules/cjs/loader:1195:20)
    at Module._compile (node:internal/modules/cjs/loader:1239:27)
    at Module._extensions..js (node:internal/modules/cjs/loader:1329:10)
    at Module.load (node:internal/modules/cjs/loader:1133:32)
    at Module._load (node:internal/modules/cjs/loader:972:12)
    at Module.require (node:internal/modules/cjs/loader:1157:19)
    at require (node:internal/modules/helpers:119:18)
    at Object.<anonymous> (D:\NODE JS PROGRAM\DINSHWAS_HOSTING_WEB\Dinshwas-Voucher-Entry-software\app.js:67:29)
    at Module._compile (node:internal/modules/cjs/loader:1275:14)
[9/29/2023, 5:02:23 PM] error: uncaughtException: Missing initializer in const declaration
D:\NODE JS PROGRAM\DINSHWAS_HOSTING_WEB\Dinshwas-Voucher-Entry-software\routes\voucherRoute.js:3
const digitalVoucher
      ^^^^^^^^^^^^^^

SyntaxError: Missing initializer in const declaration
    at internalCompileFunction (node:internal/vm:73:18)
    at wrapSafe (node:internal/modules/cjs/loader:1195:20)
    at Module._compile (node:internal/modules/cjs/loader:1239:27)
    at Module._extensions..js (node:internal/modules/cjs/loader:1329:10)
    at Module.load (node:internal/modules/cjs/loader:1133:32)
    at Module._load (node:internal/modules/cjs/loader:972:12)
    at Module.require (node:internal/modules/cjs/loader:1157:19)
    at require (node:internal/modules/helpers:119:18)
    at Object.<anonymous> (D:\NODE JS PROGRAM\DINSHWAS_HOSTING_WEB\Dinshwas-Voucher-Entry-software\app.js:67:29)
    at Module._compile (node:internal/modules/cjs/loader:1275:14)
[9/29/2023, 5:02:25 PM] error: uncaughtException: Missing initializer in const declaration
D:\NODE JS PROGRAM\DINSHWAS_HOSTING_WEB\Dinshwas-Voucher-Entry-software\routes\voucherRoute.js:3
const digitalVoucherC
      ^^^^^^^^^^^^^^^

SyntaxError: Missing initializer in const declaration
    at internalCompileFunction (node:internal/vm:73:18)
    at wrapSafe (node:internal/modules/cjs/loader:1195:20)
    at Module._compile (node:internal/modules/cjs/loader:1239:27)
    at Module._extensions..js (node:internal/modules/cjs/loader:1329:10)
    at Module.load (node:internal/modules/cjs/loader:1133:32)
    at Module._load (node:internal/modules/cjs/loader:972:12)
    at Module.require (node:internal/modules/cjs/loader:1157:19)
    at require (node:internal/modules/helpers:119:18)
    at Object.<anonymous> (D:\NODE JS PROGRAM\DINSHWAS_HOSTING_WEB\Dinshwas-Voucher-Entry-software\app.js:67:29)
    at Module._compile (node:internal/modules/cjs/loader:1275:14)
[9/29/2023, 5:02:30 PM] error: uncaughtException: Missing initializer in const declaration
D:\NODE JS PROGRAM\DINSHWAS_HOSTING_WEB\Dinshwas-Voucher-Entry-software\routes\voucherRoute.js:3
const digitalVoucherController
      ^^^^^^^^^^^^^^^^^^^^^^^^

SyntaxError: Missing initializer in const declaration
    at internalCompileFunction (node:internal/vm:73:18)
    at wrapSafe (node:internal/modules/cjs/loader:1195:20)
    at Module._compile (node:internal/modules/cjs/loader:1239:27)
    at Module._extensions..js (node:internal/modules/cjs/loader:1329:10)
    at Module.load (node:internal/modules/cjs/loader:1133:32)
    at Module._load (node:internal/modules/cjs/loader:972:12)
    at Module.require (node:internal/modules/cjs/loader:1157:19)
    at require (node:internal/modules/helpers:119:18)
    at Object.<anonymous> (D:\NODE JS PROGRAM\DINSHWAS_HOSTING_WEB\Dinshwas-Voucher-Entry-software\app.js:67:29)
    at Module._compile (node:internal/modules/cjs/loader:1275:14)
[9/29/2023, 5:04:29 PM] error: uncaughtException: Cannot find module 'multer'
Require stack:
- D:\NODE JS PROGRAM\DINSHWAS_HOSTING_WEB\Dinshwas-Voucher-Entry-software\routes\voucherRoute.js
- D:\NODE JS PROGRAM\DINSHWAS_HOSTING_WEB\Dinshwas-Voucher-Entry-software\app.js
Error: Cannot find module 'multer'
Require stack:
- D:\NODE JS PROGRAM\DINSHWAS_HOSTING_WEB\Dinshwas-Voucher-Entry-software\routes\voucherRoute.js
- D:\NODE JS PROGRAM\DINSHWAS_HOSTING_WEB\Dinshwas-Voucher-Entry-software\app.js
    at Module._resolveFilename (node:internal/modules/cjs/loader:1090:15)
    at Module._load (node:internal/modules/cjs/loader:934:27)
    at Module.require (node:internal/modules/cjs/loader:1157:19)
    at require (node:internal/modules/helpers:119:18)
    at Object.<anonymous> (D:\NODE JS PROGRAM\DINSHWAS_HOSTING_WEB\Dinshwas-Voucher-Entry-software\routes\voucherRoute.js:4:16)
    at Module._compile (node:internal/modules/cjs/loader:1275:14)
    at Module._extensions..js (node:internal/modules/cjs/loader:1329:10)
    at Module.load (node:internal/modules/cjs/loader:1133:32)
    at Module._load (node:internal/modules/cjs/loader:972:12)
    at Module.require (node:internal/modules/cjs/loader:1157:19)
[9/29/2023, 5:09:03 PM] error: uncaughtException: Table 'Dinshaws_Software.digital_vouchers' doesn't exist
Error
    at Query.run (D:\NODE JS PROGRAM\DINSHWAS_HOSTING_WEB\Dinshwas-Voucher-Entry-software\node_modules\sequelize\lib\dialects\mysql\query.js:52:25)
    at D:\NODE JS PROGRAM\DINSHWAS_HOSTING_WEB\Dinshwas-Voucher-Entry-software\node_modules\sequelize\lib\sequelize.js:315:28
    at process.processTicksAndRejections (node:internal/process/task_queues:95:5)
    at async MySQLQueryInterface.select (D:\NODE JS PROGRAM\DINSHWAS_HOSTING_WEB\Dinshwas-Voucher-Entry-software\node_modules\sequelize\lib\dialects\abstract\query-interface.js:407:12)
    at async digital_voucher.findAll (D:\NODE JS PROGRAM\DINSHWAS_HOSTING_WEB\Dinshwas-Voucher-Entry-software\node_modules\sequelize\lib\model.js:1140:21)
    at async Object.getDigitalVoucher (D:\NODE JS PROGRAM\DINSHWAS_HOSTING_WEB\Dinshwas-Voucher-Entry-software\controllers\digitalVoucherController.js:10:18)
    at async D:\NODE JS PROGRAM\DINSHWAS_HOSTING_WEB\Dinshwas-Voucher-Entry-software\routes\voucherRoute.js:24:5
[9/29/2023, 5:33:51 PM] error: uncaughtException: Identifier 'newdigitalVoucher' has already been declared
D:\NODE JS PROGRAM\DINSHWAS_HOSTING_WEB\Dinshwas-Voucher-Entry-software\controllers\digitalVoucherController.js:56
        const newdigitalVoucher = await digitalVoucher.create({
              ^

SyntaxError: Identifier 'newdigitalVoucher' has already been declared
    at internalCompileFunction (node:internal/vm:73:18)
    at wrapSafe (node:internal/modules/cjs/loader:1195:20)
    at Module._compile (node:internal/modules/cjs/loader:1239:27)
    at Module._extensions..js (node:internal/modules/cjs/loader:1329:10)
    at Module.load (node:internal/modules/cjs/loader:1133:32)
    at Module._load (node:internal/modules/cjs/loader:972:12)
    at Module.require (node:internal/modules/cjs/loader:1157:19)
    at require (node:internal/modules/helpers:119:18)
    at Object.<anonymous> (D:\NODE JS PROGRAM\DINSHWAS_HOSTING_WEB\Dinshwas-Voucher-Entry-software\routes\voucherRoute.js:3:34)
    at Module._compile (node:internal/modules/cjs/loader:1275:14)
[9/29/2023, 5:33:54 PM] error: uncaughtException: Identifier 'newdigitalVoucher' has already been declared
D:\NODE JS PROGRAM\DINSHWAS_HOSTING_WEB\Dinshwas-Voucher-Entry-software\controllers\digitalVoucherController.js:49
        const newdigitalVoucher = await digitalVoucher.create({
              ^

SyntaxError: Identifier 'newdigitalVoucher' has already been declared
    at internalCompileFunction (node:internal/vm:73:18)
    at wrapSafe (node:internal/modules/cjs/loader:1195:20)
    at Module._compile (node:internal/modules/cjs/loader:1239:27)
    at Module._extensions..js (node:internal/modules/cjs/loader:1329:10)
    at Module.load (node:internal/modules/cjs/loader:1133:32)
    at Module._load (node:internal/modules/cjs/loader:972:12)
    at Module.require (node:internal/modules/cjs/loader:1157:19)
    at require (node:internal/modules/helpers:119:18)
    at Object.<anonymous> (D:\NODE JS PROGRAM\DINSHWAS_HOSTING_WEB\Dinshwas-Voucher-Entry-software\routes\voucherRoute.js:3:34)
    at Module._compile (node:internal/modules/cjs/loader:1275:14)
[9/29/2023, 5:33:59 PM] error: uncaughtException: Identifier 'newdigitalVoucher' has already been declared
D:\NODE JS PROGRAM\DINSHWAS_HOSTING_WEB\Dinshwas-Voucher-Entry-software\controllers\digitalVoucherController.js:56
        const newdigitalVoucher = await digitalVoucher.create({
              ^

SyntaxError: Identifier 'newdigitalVoucher' has already been declared
    at internalCompileFunction (node:internal/vm:73:18)
    at wrapSafe (node:internal/modules/cjs/loader:1195:20)
    at Module._compile (node:internal/modules/cjs/loader:1239:27)
    at Module._extensions..js (node:internal/modules/cjs/loader:1329:10)
    at Module.load (node:internal/modules/cjs/loader:1133:32)
    at Module._load (node:internal/modules/cjs/loader:972:12)
    at Module.require (node:internal/modules/cjs/loader:1157:19)
    at require (node:internal/modules/helpers:119:18)
    at Object.<anonymous> (D:\NODE JS PROGRAM\DINSHWAS_HOSTING_WEB\Dinshwas-Voucher-Entry-software\routes\voucherRoute.js:3:34)
    at Module._compile (node:internal/modules/cjs/loader:1275:14)
[9/30/2023, 2:57:16 PM] error: uncaughtException: Identifier 'digitalVoucher' has already been declared
D:\NODE JS PROGRAM\DINSHWAS_HOSTING_WEB\Dinshwas-Voucher-Entry-software\controllers\dashboardController.js:14
async function digitalVoucher() {
^

SyntaxError: Identifier 'digitalVoucher' has already been declared
    at internalCompileFunction (node:internal/vm:73:18)
    at wrapSafe (node:internal/modules/cjs/loader:1195:20)
    at Module._compile (node:internal/modules/cjs/loader:1239:27)
    at Module._extensions..js (node:internal/modules/cjs/loader:1329:10)
    at Module.load (node:internal/modules/cjs/loader:1133:32)
    at Module._load (node:internal/modules/cjs/loader:972:12)
    at Module.require (node:internal/modules/cjs/loader:1157:19)
    at require (node:internal/modules/helpers:119:18)
    at Object.<anonymous> (D:\NODE JS PROGRAM\DINSHWAS_HOSTING_WEB\Dinshwas-Voucher-Entry-software\routes\homeRoute.js:5:29)
    at Module._compile (node:internal/modules/cjs/loader:1275:14)
[9/30/2023, 2:57:18 PM] error: uncaughtException: Identifier 'digitalVoucher' has already been declared
D:\NODE JS PROGRAM\DINSHWAS_HOSTING_WEB\Dinshwas-Voucher-Entry-software\controllers\dashboardController.js:14
async function digitalVoucher() {
^

SyntaxError: Identifier 'digitalVoucher' has already been declared
    at internalCompileFunction (node:internal/vm:73:18)
    at wrapSafe (node:internal/modules/cjs/loader:1195:20)
    at Module._compile (node:internal/modules/cjs/loader:1239:27)
    at Module._extensions..js (node:internal/modules/cjs/loader:1329:10)
    at Module.load (node:internal/modules/cjs/loader:1133:32)
    at Module._load (node:internal/modules/cjs/loader:972:12)
    at Module.require (node:internal/modules/cjs/loader:1157:19)
    at require (node:internal/modules/helpers:119:18)
    at Object.<anonymous> (D:\NODE JS PROGRAM\DINSHWAS_HOSTING_WEB\Dinshwas-Voucher-Entry-software\routes\homeRoute.js:5:29)
    at Module._compile (node:internal/modules/cjs/loader:1275:14)
[9/30/2023, 3:47:09 PM] error: uncaughtException: staffValidationRules is not defined
ReferenceError: staffValidationRules is not defined
    at Object.<anonymous> (D:\NODE JS PROGRAM\DINSHWAS_HOSTING_WEB\Dinshwas-Voucher-Entry-software\helpers\validators\masterValidators.js:49:4)
    at Module._compile (node:internal/modules/cjs/loader:1275:14)
    at Module._extensions..js (node:internal/modules/cjs/loader:1329:10)
    at Module.load (node:internal/modules/cjs/loader:1133:32)
    at Module._load (node:internal/modules/cjs/loader:972:12)
    at Module.require (node:internal/modules/cjs/loader:1157:19)
    at require (node:internal/modules/helpers:119:18)
    at Object.<anonymous> (D:\NODE JS PROGRAM\DINSHWAS_HOSTING_WEB\Dinshwas-Voucher-Entry-software\routes\userRolesRoute.js:4:45)
    at Module._compile (node:internal/modules/cjs/loader:1275:14)
    at Module._extensions..js (node:internal/modules/cjs/loader:1329:10)
[9/30/2023, 3:47:16 PM] error: uncaughtException: languageValidationRules is not defined
ReferenceError: languageValidationRules is not defined
    at Object.<anonymous> (D:\NODE JS PROGRAM\DINSHWAS_HOSTING_WEB\Dinshwas-Voucher-Entry-software\helpers\validators\masterValidators.js:24:4)
    at Module._compile (node:internal/modules/cjs/loader:1275:14)
    at Module._extensions..js (node:internal/modules/cjs/loader:1329:10)
    at Module.load (node:internal/modules/cjs/loader:1133:32)
    at Module._load (node:internal/modules/cjs/loader:972:12)
    at Module.require (node:internal/modules/cjs/loader:1157:19)
    at require (node:internal/modules/helpers:119:18)
    at Object.<anonymous> (D:\NODE JS PROGRAM\DINSHWAS_HOSTING_WEB\Dinshwas-Voucher-Entry-software\routes\userRolesRoute.js:4:45)
    at Module._compile (node:internal/modules/cjs/loader:1275:14)
    at Module._extensions..js (node:internal/modules/cjs/loader:1329:10)
[9/30/2023, 3:47:23 PM] error: uncaughtException: staffValidationRules is not defined
ReferenceError: staffValidationRules is not defined
    at Object.<anonymous> (D:\NODE JS PROGRAM\DINSHWAS_HOSTING_WEB\Dinshwas-Voucher-Entry-software\helpers\validators\masterValidators.js:26:4)
    at Module._compile (node:internal/modules/cjs/loader:1275:14)
    at Module._extensions..js (node:internal/modules/cjs/loader:1329:10)
    at Module.load (node:internal/modules/cjs/loader:1133:32)
    at Module._load (node:internal/modules/cjs/loader:972:12)
    at Module.require (node:internal/modules/cjs/loader:1157:19)
    at require (node:internal/modules/helpers:119:18)
    at Object.<anonymous> (D:\NODE JS PROGRAM\DINSHWAS_HOSTING_WEB\Dinshwas-Voucher-Entry-software\routes\userRolesRoute.js:4:45)
    at Module._compile (node:internal/modules/cjs/loader:1275:14)
    at Module._extensions..js (node:internal/modules/cjs/loader:1329:10)
[9/30/2023, 3:47:26 PM] error: uncaughtException: userRoleValidationRules is not a function
TypeError: userRoleValidationRules is not a function
    at Object.<anonymous> (D:\NODE JS PROGRAM\DINSHWAS_HOSTING_WEB\Dinshwas-Voucher-Entry-software\routes\userRolesRoute.js:23:4)
    at Module._compile (node:internal/modules/cjs/loader:1275:14)
    at Module._extensions..js (node:internal/modules/cjs/loader:1329:10)
    at Module.load (node:internal/modules/cjs/loader:1133:32)
    at Module._load (node:internal/modules/cjs/loader:972:12)
    at Module.require (node:internal/modules/cjs/loader:1157:19)
    at require (node:internal/modules/helpers:119:18)
    at Object.<anonymous> (D:\NODE JS PROGRAM\DINSHWAS_HOSTING_WEB\Dinshwas-Voucher-Entry-software\app.js:71:45)
    at Module._compile (node:internal/modules/cjs/loader:1275:14)
    at Module._extensions..js (node:internal/modules/cjs/loader:1329:10)
[9/30/2023, 3:47:31 PM] error: uncaughtException: userRoleValidationRules is not a function
TypeError: userRoleValidationRules is not a function
    at Object.<anonymous> (D:\NODE JS PROGRAM\DINSHWAS_HOSTING_WEB\Dinshwas-Voucher-Entry-software\routes\userRolesRoute.js:23:4)
    at Module._compile (node:internal/modules/cjs/loader:1275:14)
    at Module._extensions..js (node:internal/modules/cjs/loader:1329:10)
    at Module.load (node:internal/modules/cjs/loader:1133:32)
    at Module._load (node:internal/modules/cjs/loader:972:12)
    at Module.require (node:internal/modules/cjs/loader:1157:19)
    at require (node:internal/modules/helpers:119:18)
    at Object.<anonymous> (D:\NODE JS PROGRAM\DINSHWAS_HOSTING_WEB\Dinshwas-Voucher-Entry-software\app.js:71:45)
    at Module._compile (node:internal/modules/cjs/loader:1275:14)
    at Module._extensions..js (node:internal/modules/cjs/loader:1329:10)
[9/30/2023, 3:47:41 PM] error: uncaughtException: userRoleValidationRules is not a function
TypeError: userRoleValidationRules is not a function
    at Object.<anonymous> (D:\NODE JS PROGRAM\DINSHWAS_HOSTING_WEB\Dinshwas-Voucher-Entry-software\routes\userRolesRoute.js:23:4)
    at Module._compile (node:internal/modules/cjs/loader:1275:14)
    at Module._extensions..js (node:internal/modules/cjs/loader:1329:10)
    at Module.load (node:internal/modules/cjs/loader:1133:32)
    at Module._load (node:internal/modules/cjs/loader:972:12)
    at Module.require (node:internal/modules/cjs/loader:1157:19)
    at require (node:internal/modules/helpers:119:18)
    at Object.<anonymous> (D:\NODE JS PROGRAM\DINSHWAS_HOSTING_WEB\Dinshwas-Voucher-Entry-software\app.js:71:45)
    at Module._compile (node:internal/modules/cjs/loader:1275:14)
    at Module._extensions..js (node:internal/modules/cjs/loader:1329:10)
[9/30/2023, 3:47:48 PM] error: uncaughtException: userRoleValidationRules is not a function
TypeError: userRoleValidationRules is not a function
    at Object.<anonymous> (D:\NODE JS PROGRAM\DINSHWAS_HOSTING_WEB\Dinshwas-Voucher-Entry-software\routes\userRolesRoute.js:23:4)
    at Module._compile (node:internal/modules/cjs/loader:1275:14)
    at Module._extensions..js (node:internal/modules/cjs/loader:1329:10)
    at Module.load (node:internal/modules/cjs/loader:1133:32)
    at Module._load (node:internal/modules/cjs/loader:972:12)
    at Module.require (node:internal/modules/cjs/loader:1157:19)
    at require (node:internal/modules/helpers:119:18)
    at Object.<anonymous> (D:\NODE JS PROGRAM\DINSHWAS_HOSTING_WEB\Dinshwas-Voucher-Entry-software\app.js:71:45)
    at Module._compile (node:internal/modules/cjs/loader:1275:14)
    at Module._extensions..js (node:internal/modules/cjs/loader:1329:10)
[9/30/2023, 3:47:57 PM] error: uncaughtException: userRoleValidationRules is not a function
TypeError: userRoleValidationRules is not a function
    at Object.<anonymous> (D:\NODE JS PROGRAM\DINSHWAS_HOSTING_WEB\Dinshwas-Voucher-Entry-software\routes\userRolesRoute.js:23:4)
    at Module._compile (node:internal/modules/cjs/loader:1275:14)
    at Module._extensions..js (node:internal/modules/cjs/loader:1329:10)
    at Module.load (node:internal/modules/cjs/loader:1133:32)
    at Module._load (node:internal/modules/cjs/loader:972:12)
    at Module.require (node:internal/modules/cjs/loader:1157:19)
    at require (node:internal/modules/helpers:119:18)
    at Object.<anonymous> (D:\NODE JS PROGRAM\DINSHWAS_HOSTING_WEB\Dinshwas-Voucher-Entry-software\app.js:71:45)
    at Module._compile (node:internal/modules/cjs/loader:1275:14)
    at Module._extensions..js (node:internal/modules/cjs/loader:1329:10)
[9/30/2023, 3:47:59 PM] error: uncaughtException: userRoleValidationRules is not a function
TypeError: userRoleValidationRules is not a function
    at Object.<anonymous> (D:\NODE JS PROGRAM\DINSHWAS_HOSTING_WEB\Dinshwas-Voucher-Entry-software\routes\userRolesRoute.js:23:4)
    at Module._compile (node:internal/modules/cjs/loader:1275:14)
    at Module._extensions..js (node:internal/modules/cjs/loader:1329:10)
    at Module.load (node:internal/modules/cjs/loader:1133:32)
    at Module._load (node:internal/modules/cjs/loader:972:12)
    at Module.require (node:internal/modules/cjs/loader:1157:19)
    at require (node:internal/modules/helpers:119:18)
    at Object.<anonymous> (D:\NODE JS PROGRAM\DINSHWAS_HOSTING_WEB\Dinshwas-Voucher-Entry-software\app.js:71:45)
    at Module._compile (node:internal/modules/cjs/loader:1275:14)
    at Module._extensions..js (node:internal/modules/cjs/loader:1329:10)
[9/30/2023, 3:48:05 PM] error: uncaughtException: userRoleValidationRules is not a function
TypeError: userRoleValidationRules is not a function
    at Object.<anonymous> (D:\NODE JS PROGRAM\DINSHWAS_HOSTING_WEB\Dinshwas-Voucher-Entry-software\routes\userRolesRoute.js:23:4)
    at Module._compile (node:internal/modules/cjs/loader:1275:14)
    at Module._extensions..js (node:internal/modules/cjs/loader:1329:10)
    at Module.load (node:internal/modules/cjs/loader:1133:32)
    at Module._load (node:internal/modules/cjs/loader:972:12)
    at Module.require (node:internal/modules/cjs/loader:1157:19)
    at require (node:internal/modules/helpers:119:18)
    at Object.<anonymous> (D:\NODE JS PROGRAM\DINSHWAS_HOSTING_WEB\Dinshwas-Voucher-Entry-software\app.js:71:45)
    at Module._compile (node:internal/modules/cjs/loader:1275:14)
    at Module._extensions..js (node:internal/modules/cjs/loader:1329:10)
[9/30/2023, 3:48:11 PM] error: uncaughtException: userRoleValidationRules is not a function
TypeError: userRoleValidationRules is not a function
    at Object.<anonymous> (D:\NODE JS PROGRAM\DINSHWAS_HOSTING_WEB\Dinshwas-Voucher-Entry-software\routes\userRolesRoute.js:23:4)
    at Module._compile (node:internal/modules/cjs/loader:1275:14)
    at Module._extensions..js (node:internal/modules/cjs/loader:1329:10)
    at Module.load (node:internal/modules/cjs/loader:1133:32)
    at Module._load (node:internal/modules/cjs/loader:972:12)
    at Module.require (node:internal/modules/cjs/loader:1157:19)
    at require (node:internal/modules/helpers:119:18)
    at Object.<anonymous> (D:\NODE JS PROGRAM\DINSHWAS_HOSTING_WEB\Dinshwas-Voucher-Entry-software\app.js:71:45)
    at Module._compile (node:internal/modules/cjs/loader:1275:14)
    at Module._extensions..js (node:internal/modules/cjs/loader:1329:10)
[9/30/2023, 3:48:18 PM] error: uncaughtException: userRoleValidationRules is not a function
TypeError: userRoleValidationRules is not a function
    at Object.<anonymous> (D:\NODE JS PROGRAM\DINSHWAS_HOSTING_WEB\Dinshwas-Voucher-Entry-software\routes\userRolesRoute.js:23:4)
    at Module._compile (node:internal/modules/cjs/loader:1275:14)
    at Module._extensions..js (node:internal/modules/cjs/loader:1329:10)
    at Module.load (node:internal/modules/cjs/loader:1133:32)
    at Module._load (node:internal/modules/cjs/loader:972:12)
    at Module.require (node:internal/modules/cjs/loader:1157:19)
    at require (node:internal/modules/helpers:119:18)
    at Object.<anonymous> (D:\NODE JS PROGRAM\DINSHWAS_HOSTING_WEB\Dinshwas-Voucher-Entry-software\app.js:71:45)
    at Module._compile (node:internal/modules/cjs/loader:1275:14)
    at Module._extensions..js (node:internal/modules/cjs/loader:1329:10)
[9/30/2023, 3:48:21 PM] error: uncaughtException: userRoleValidationRules is not a function
TypeError: userRoleValidationRules is not a function
    at Object.<anonymous> (D:\NODE JS PROGRAM\DINSHWAS_HOSTING_WEB\Dinshwas-Voucher-Entry-software\routes\userRolesRoute.js:23:4)
    at Module._compile (node:internal/modules/cjs/loader:1275:14)
    at Module._extensions..js (node:internal/modules/cjs/loader:1329:10)
    at Module.load (node:internal/modules/cjs/loader:1133:32)
    at Module._load (node:internal/modules/cjs/loader:972:12)
    at Module.require (node:internal/modules/cjs/loader:1157:19)
    at require (node:internal/modules/helpers:119:18)
    at Object.<anonymous> (D:\NODE JS PROGRAM\DINSHWAS_HOSTING_WEB\Dinshwas-Voucher-Entry-software\app.js:71:45)
    at Module._compile (node:internal/modules/cjs/loader:1275:14)
    at Module._extensions..js (node:internal/modules/cjs/loader:1329:10)
[9/30/2023, 3:48:25 PM] error: uncaughtException: userRoleValidationRules is not a function
TypeError: userRoleValidationRules is not a function
    at Object.<anonymous> (D:\NODE JS PROGRAM\DINSHWAS_HOSTING_WEB\Dinshwas-Voucher-Entry-software\routes\userRolesRoute.js:23:4)
    at Module._compile (node:internal/modules/cjs/loader:1275:14)
    at Module._extensions..js (node:internal/modules/cjs/loader:1329:10)
    at Module.load (node:internal/modules/cjs/loader:1133:32)
    at Module._load (node:internal/modules/cjs/loader:972:12)
    at Module.require (node:internal/modules/cjs/loader:1157:19)
    at require (node:internal/modules/helpers:119:18)
    at Object.<anonymous> (D:\NODE JS PROGRAM\DINSHWAS_HOSTING_WEB\Dinshwas-Voucher-Entry-software\app.js:71:45)
    at Module._compile (node:internal/modules/cjs/loader:1275:14)
    at Module._extensions..js (node:internal/modules/cjs/loader:1329:10)
[9/30/2023, 3:48:27 PM] error: uncaughtException: userRoleValidationRules is not a function
TypeError: userRoleValidationRules is not a function
    at Object.<anonymous> (D:\NODE JS PROGRAM\DINSHWAS_HOSTING_WEB\Dinshwas-Voucher-Entry-software\routes\userRolesRoute.js:23:4)
    at Module._compile (node:internal/modules/cjs/loader:1275:14)
    at Module._extensions..js (node:internal/modules/cjs/loader:1329:10)
    at Module.load (node:internal/modules/cjs/loader:1133:32)
    at Module._load (node:internal/modules/cjs/loader:972:12)
    at Module.require (node:internal/modules/cjs/loader:1157:19)
    at require (node:internal/modules/helpers:119:18)
    at Object.<anonymous> (D:\NODE JS PROGRAM\DINSHWAS_HOSTING_WEB\Dinshwas-Voucher-Entry-software\app.js:71:45)
    at Module._compile (node:internal/modules/cjs/loader:1275:14)
    at Module._extensions..js (node:internal/modules/cjs/loader:1329:10)
[9/30/2023, 3:48:41 PM] error: uncaughtException: Unexpected identifier 'body'
D:\NODE JS PROGRAM\DINSHWAS_HOSTING_WEB\Dinshwas-Voucher-Entry-software\helpers\validators\masterValidators.js:7
           body('voucher_number')
           ^^^^

SyntaxError: Unexpected identifier 'body'
    at internalCompileFunction (node:internal/vm:73:18)
    at wrapSafe (node:internal/modules/cjs/loader:1195:20)
    at Module._compile (node:internal/modules/cjs/loader:1239:27)
    at Module._extensions..js (node:internal/modules/cjs/loader:1329:10)
    at Module.load (node:internal/modules/cjs/loader:1133:32)
    at Module._load (node:internal/modules/cjs/loader:972:12)
    at Module.require (node:internal/modules/cjs/loader:1157:19)
    at require (node:internal/modules/helpers:119:18)
    at Object.<anonymous> (D:\NODE JS PROGRAM\DINSHWAS_HOSTING_WEB\Dinshwas-Voucher-Entry-software\routes\userRolesRoute.js:4:45)
    at Module._compile (node:internal/modules/cjs/loader:1275:14)
[9/30/2023, 3:48:47 PM] error: uncaughtException: userRoleValidationRules is not a function
TypeError: userRoleValidationRules is not a function
    at Object.<anonymous> (D:\NODE JS PROGRAM\DINSHWAS_HOSTING_WEB\Dinshwas-Voucher-Entry-software\routes\userRolesRoute.js:23:4)
    at Module._compile (node:internal/modules/cjs/loader:1275:14)
    at Module._extensions..js (node:internal/modules/cjs/loader:1329:10)
    at Module.load (node:internal/modules/cjs/loader:1133:32)
    at Module._load (node:internal/modules/cjs/loader:972:12)
    at Module.require (node:internal/modules/cjs/loader:1157:19)
    at require (node:internal/modules/helpers:119:18)
    at Object.<anonymous> (D:\NODE JS PROGRAM\DINSHWAS_HOSTING_WEB\Dinshwas-Voucher-Entry-software\app.js:71:45)
    at Module._compile (node:internal/modules/cjs/loader:1275:14)
    at Module._extensions..js (node:internal/modules/cjs/loader:1329:10)
[9/30/2023, 3:49:04 PM] error: uncaughtException: userRoleValidationRules is not a function
TypeError: userRoleValidationRules is not a function
    at Object.<anonymous> (D:\NODE JS PROGRAM\DINSHWAS_HOSTING_WEB\Dinshwas-Voucher-Entry-software\routes\userRolesRoute.js:23:4)
    at Module._compile (node:internal/modules/cjs/loader:1275:14)
    at Module._extensions..js (node:internal/modules/cjs/loader:1329:10)
    at Module.load (node:internal/modules/cjs/loader:1133:32)
    at Module._load (node:internal/modules/cjs/loader:972:12)
    at Module.require (node:internal/modules/cjs/loader:1157:19)
    at require (node:internal/modules/helpers:119:18)
    at Object.<anonymous> (D:\NODE JS PROGRAM\DINSHWAS_HOSTING_WEB\Dinshwas-Voucher-Entry-software\app.js:71:45)
    at Module._compile (node:internal/modules/cjs/loader:1275:14)
    at Module._extensions..js (node:internal/modules/cjs/loader:1329:10)
[9/30/2023, 3:49:10 PM] error: uncaughtException: userRoleValidationRules is not a function
TypeError: userRoleValidationRules is not a function
    at Object.<anonymous> (D:\NODE JS PROGRAM\DINSHWAS_HOSTING_WEB\Dinshwas-Voucher-Entry-software\routes\userRolesRoute.js:23:4)
    at Module._compile (node:internal/modules/cjs/loader:1275:14)
    at Module._extensions..js (node:internal/modules/cjs/loader:1329:10)
    at Module.load (node:internal/modules/cjs/loader:1133:32)
    at Module._load (node:internal/modules/cjs/loader:972:12)
    at Module.require (node:internal/modules/cjs/loader:1157:19)
    at require (node:internal/modules/helpers:119:18)
    at Object.<anonymous> (D:\NODE JS PROGRAM\DINSHWAS_HOSTING_WEB\Dinshwas-Voucher-Entry-software\app.js:71:45)
    at Module._compile (node:internal/modules/cjs/loader:1275:14)
    at Module._extensions..js (node:internal/modules/cjs/loader:1329:10)
[9/30/2023, 3:49:17 PM] error: uncaughtException: userRoleValidationRules is not a function
TypeError: userRoleValidationRules is not a function
    at Object.<anonymous> (D:\NODE JS PROGRAM\DINSHWAS_HOSTING_WEB\Dinshwas-Voucher-Entry-software\routes\userRolesRoute.js:23:4)
    at Module._compile (node:internal/modules/cjs/loader:1275:14)
    at Module._extensions..js (node:internal/modules/cjs/loader:1329:10)
    at Module.load (node:internal/modules/cjs/loader:1133:32)
    at Module._load (node:internal/modules/cjs/loader:972:12)
    at Module.require (node:internal/modules/cjs/loader:1157:19)
    at require (node:internal/modules/helpers:119:18)
    at Object.<anonymous> (D:\NODE JS PROGRAM\DINSHWAS_HOSTING_WEB\Dinshwas-Voucher-Entry-software\app.js:71:45)
    at Module._compile (node:internal/modules/cjs/loader:1275:14)
    at Module._extensions..js (node:internal/modules/cjs/loader:1329:10)
[9/30/2023, 3:49:22 PM] error: uncaughtException: userRoleValidationRules is not a function
TypeError: userRoleValidationRules is not a function
    at Object.<anonymous> (D:\NODE JS PROGRAM\DINSHWAS_HOSTING_WEB\Dinshwas-Voucher-Entry-software\routes\userRolesRoute.js:23:4)
    at Module._compile (node:internal/modules/cjs/loader:1275:14)
    at Module._extensions..js (node:internal/modules/cjs/loader:1329:10)
    at Module.load (node:internal/modules/cjs/loader:1133:32)
    at Module._load (node:internal/modules/cjs/loader:972:12)
    at Module.require (node:internal/modules/cjs/loader:1157:19)
    at require (node:internal/modules/helpers:119:18)
    at Object.<anonymous> (D:\NODE JS PROGRAM\DINSHWAS_HOSTING_WEB\Dinshwas-Voucher-Entry-software\app.js:71:45)
    at Module._compile (node:internal/modules/cjs/loader:1275:14)
    at Module._extensions..js (node:internal/modules/cjs/loader:1329:10)
[9/30/2023, 3:49:28 PM] error: uncaughtException: userRoleValidationRules is not a function
TypeError: userRoleValidationRules is not a function
    at Object.<anonymous> (D:\NODE JS PROGRAM\DINSHWAS_HOSTING_WEB\Dinshwas-Voucher-Entry-software\routes\userRolesRoute.js:23:4)
    at Module._compile (node:internal/modules/cjs/loader:1275:14)
    at Module._extensions..js (node:internal/modules/cjs/loader:1329:10)
    at Module.load (node:internal/modules/cjs/loader:1133:32)
    at Module._load (node:internal/modules/cjs/loader:972:12)
    at Module.require (node:internal/modules/cjs/loader:1157:19)
    at require (node:internal/modules/helpers:119:18)
    at Object.<anonymous> (D:\NODE JS PROGRAM\DINSHWAS_HOSTING_WEB\Dinshwas-Voucher-Entry-software\app.js:71:45)
    at Module._compile (node:internal/modules/cjs/loader:1275:14)
    at Module._extensions..js (node:internal/modules/cjs/loader:1329:10)
[9/30/2023, 3:49:35 PM] error: uncaughtException: userRoleValidationRules is not a function
TypeError: userRoleValidationRules is not a function
    at Object.<anonymous> (D:\NODE JS PROGRAM\DINSHWAS_HOSTING_WEB\Dinshwas-Voucher-Entry-software\routes\userRolesRoute.js:23:4)
    at Module._compile (node:internal/modules/cjs/loader:1275:14)
    at Module._extensions..js (node:internal/modules/cjs/loader:1329:10)
    at Module.load (node:internal/modules/cjs/loader:1133:32)
    at Module._load (node:internal/modules/cjs/loader:972:12)
    at Module.require (node:internal/modules/cjs/loader:1157:19)
    at require (node:internal/modules/helpers:119:18)
    at Object.<anonymous> (D:\NODE JS PROGRAM\DINSHWAS_HOSTING_WEB\Dinshwas-Voucher-Entry-software\app.js:71:45)
    at Module._compile (node:internal/modules/cjs/loader:1275:14)
    at Module._extensions..js (node:internal/modules/cjs/loader:1329:10)
[9/30/2023, 3:49:38 PM] error: uncaughtException: userRoleValidationRules is not a function
TypeError: userRoleValidationRules is not a function
    at Object.<anonymous> (D:\NODE JS PROGRAM\DINSHWAS_HOSTING_WEB\Dinshwas-Voucher-Entry-software\routes\userRolesRoute.js:23:4)
    at Module._compile (node:internal/modules/cjs/loader:1275:14)
    at Module._extensions..js (node:internal/modules/cjs/loader:1329:10)
    at Module.load (node:internal/modules/cjs/loader:1133:32)
    at Module._load (node:internal/modules/cjs/loader:972:12)
    at Module.require (node:internal/modules/cjs/loader:1157:19)
    at require (node:internal/modules/helpers:119:18)
    at Object.<anonymous> (D:\NODE JS PROGRAM\DINSHWAS_HOSTING_WEB\Dinshwas-Voucher-Entry-software\app.js:71:45)
    at Module._compile (node:internal/modules/cjs/loader:1275:14)
    at Module._extensions..js (node:internal/modules/cjs/loader:1329:10)
[9/30/2023, 3:49:46 PM] error: uncaughtException: userRoleValidationRules is not a function
TypeError: userRoleValidationRules is not a function
    at Object.<anonymous> (D:\NODE JS PROGRAM\DINSHWAS_HOSTING_WEB\Dinshwas-Voucher-Entry-software\routes\userRolesRoute.js:23:4)
    at Module._compile (node:internal/modules/cjs/loader:1275:14)
    at Module._extensions..js (node:internal/modules/cjs/loader:1329:10)
    at Module.load (node:internal/modules/cjs/loader:1133:32)
    at Module._load (node:internal/modules/cjs/loader:972:12)
    at Module.require (node:internal/modules/cjs/loader:1157:19)
    at require (node:internal/modules/helpers:119:18)
    at Object.<anonymous> (D:\NODE JS PROGRAM\DINSHWAS_HOSTING_WEB\Dinshwas-Voucher-Entry-software\app.js:71:45)
    at Module._compile (node:internal/modules/cjs/loader:1275:14)
    at Module._extensions..js (node:internal/modules/cjs/loader:1329:10)
[9/30/2023, 3:49:56 PM] error: uncaughtException: religionValidationRules is not defined
ReferenceError: religionValidationRules is not defined
    at Object.<anonymous> (D:\NODE JS PROGRAM\DINSHWAS_HOSTING_WEB\Dinshwas-Voucher-Entry-software\helpers\validators\masterValidators.js:20:5)
    at Module._compile (node:internal/modules/cjs/loader:1275:14)
    at Module._extensions..js (node:internal/modules/cjs/loader:1329:10)
    at Module.load (node:internal/modules/cjs/loader:1133:32)
    at Module._load (node:internal/modules/cjs/loader:972:12)
    at Module.require (node:internal/modules/cjs/loader:1157:19)
    at require (node:internal/modules/helpers:119:18)
    at Object.<anonymous> (D:\NODE JS PROGRAM\DINSHWAS_HOSTING_WEB\Dinshwas-Voucher-Entry-software\routes\userRolesRoute.js:4:45)
    at Module._compile (node:internal/modules/cjs/loader:1275:14)
    at Module._extensions..js (node:internal/modules/cjs/loader:1329:10)
[9/30/2023, 3:50:01 PM] error: uncaughtException: userRoleValidationRules is not a function
TypeError: userRoleValidationRules is not a function
    at Object.<anonymous> (D:\NODE JS PROGRAM\DINSHWAS_HOSTING_WEB\Dinshwas-Voucher-Entry-software\routes\userRolesRoute.js:23:4)
    at Module._compile (node:internal/modules/cjs/loader:1275:14)
    at Module._extensions..js (node:internal/modules/cjs/loader:1329:10)
    at Module.load (node:internal/modules/cjs/loader:1133:32)
    at Module._load (node:internal/modules/cjs/loader:972:12)
    at Module.require (node:internal/modules/cjs/loader:1157:19)
    at require (node:internal/modules/helpers:119:18)
    at Object.<anonymous> (D:\NODE JS PROGRAM\DINSHWAS_HOSTING_WEB\Dinshwas-Voucher-Entry-software\app.js:71:45)
    at Module._compile (node:internal/modules/cjs/loader:1275:14)
    at Module._extensions..js (node:internal/modules/cjs/loader:1329:10)
[9/30/2023, 3:50:24 PM] error: uncaughtException: userRoleValidationRules is not a function
TypeError: userRoleValidationRules is not a function
    at Object.<anonymous> (D:\NODE JS PROGRAM\DINSHWAS_HOSTING_WEB\Dinshwas-Voucher-Entry-software\routes\userRolesRoute.js:23:4)
    at Module._compile (node:internal/modules/cjs/loader:1275:14)
    at Module._extensions..js (node:internal/modules/cjs/loader:1329:10)
    at Module.load (node:internal/modules/cjs/loader:1133:32)
    at Module._load (node:internal/modules/cjs/loader:972:12)
    at Module.require (node:internal/modules/cjs/loader:1157:19)
    at require (node:internal/modules/helpers:119:18)
    at Object.<anonymous> (D:\NODE JS PROGRAM\DINSHWAS_HOSTING_WEB\Dinshwas-Voucher-Entry-software\app.js:71:45)
    at Module._compile (node:internal/modules/cjs/loader:1275:14)
    at Module._extensions..js (node:internal/modules/cjs/loader:1329:10)
[9/30/2023, 3:50:53 PM] error: uncaughtException: Unexpected token 'const'
D:\NODE JS PROGRAM\DINSHWAS_HOSTING_WEB\Dinshwas-Voucher-Entry-software\routes\voucherRoute.js:4
const digitalVoucherController = require('../controllers/digitalVoucherController');
^^^^^

SyntaxError: Unexpected token 'const'
    at internalCompileFunction (node:internal/vm:73:18)
    at wrapSafe (node:internal/modules/cjs/loader:1195:20)
    at Module._compile (node:internal/modules/cjs/loader:1239:27)
    at Module._extensions..js (node:internal/modules/cjs/loader:1329:10)
    at Module.load (node:internal/modules/cjs/loader:1133:32)
    at Module._load (node:internal/modules/cjs/loader:972:12)
    at Module.require (node:internal/modules/cjs/loader:1157:19)
    at require (node:internal/modules/helpers:119:18)
    at Object.<anonymous> (D:\NODE JS PROGRAM\DINSHWAS_HOSTING_WEB\Dinshwas-Voucher-Entry-software\app.js:69:29)
    at Module._compile (node:internal/modules/cjs/loader:1275:14)
[9/30/2023, 3:50:55 PM] error: uncaughtException: Missing initializer in destructuring declaration
D:\NODE JS PROGRAM\DINSHWAS_HOSTING_WEB\Dinshwas-Voucher-Entry-software\routes\voucherRoute.js:3
const {voucherValidationRules,

SyntaxError: Missing initializer in destructuring declaration
    at internalCompileFunction (node:internal/vm:73:18)
    at wrapSafe (node:internal/modules/cjs/loader:1195:20)
    at Module._compile (node:internal/modules/cjs/loader:1239:27)
    at Module._extensions..js (node:internal/modules/cjs/loader:1329:10)
    at Module.load (node:internal/modules/cjs/loader:1133:32)
    at Module._load (node:internal/modules/cjs/loader:972:12)
    at Module.require (node:internal/modules/cjs/loader:1157:19)
    at require (node:internal/modules/helpers:119:18)
    at Object.<anonymous> (D:\NODE JS PROGRAM\DINSHWAS_HOSTING_WEB\Dinshwas-Voucher-Entry-software\app.js:69:29)
    at Module._compile (node:internal/modules/cjs/loader:1275:14)
[9/30/2023, 3:50:59 PM] error: uncaughtException: Missing initializer in destructuring declaration
D:\NODE JS PROGRAM\DINSHWAS_HOSTING_WEB\Dinshwas-Voucher-Entry-software\routes\voucherRoute.js:3
const {voucherValidationRules,

SyntaxError: Missing initializer in destructuring declaration
    at internalCompileFunction (node:internal/vm:73:18)
    at wrapSafe (node:internal/modules/cjs/loader:1195:20)
    at Module._compile (node:internal/modules/cjs/loader:1239:27)
    at Module._extensions..js (node:internal/modules/cjs/loader:1329:10)
    at Module.load (node:internal/modules/cjs/loader:1133:32)
    at Module._load (node:internal/modules/cjs/loader:972:12)
    at Module.require (node:internal/modules/cjs/loader:1157:19)
    at require (node:internal/modules/helpers:119:18)
    at Object.<anonymous> (D:\NODE JS PROGRAM\DINSHWAS_HOSTING_WEB\Dinshwas-Voucher-Entry-software\app.js:69:29)
    at Module._compile (node:internal/modules/cjs/loader:1275:14)
[9/30/2023, 3:51:05 PM] error: uncaughtException: Cannot find module 'D:\NODE JS PROGRAM\DINSHWAS_HOSTING_WEB\Dinshwas-Voucher-Entry-software\index.js'. Please verify that the package.json has a valid "main" entry
Error: Cannot find module 'D:\NODE JS PROGRAM\DINSHWAS_HOSTING_WEB\Dinshwas-Voucher-Entry-software\index.js'. Please verify that the package.json has a valid "main" entry
    at tryPackage (node:internal/modules/cjs/loader:448:19)
    at Module._findPath (node:internal/modules/cjs/loader:692:18)
    at Module._resolveFilename (node:internal/modules/cjs/loader:1076:27)
    at Module._load (node:internal/modules/cjs/loader:934:27)
    at Module.require (node:internal/modules/cjs/loader:1157:19)
    at require (node:internal/modules/helpers:119:18)
    at Object.<anonymous> (D:\NODE JS PROGRAM\DINSHWAS_HOSTING_WEB\Dinshwas-Voucher-Entry-software\routes\voucherRoute.js:4:17)
    at Module._compile (node:internal/modules/cjs/loader:1275:14)
    at Module._extensions..js (node:internal/modules/cjs/loader:1329:10)
    at Module.load (node:internal/modules/cjs/loader:1133:32)
[9/30/2023, 3:51:08 PM] error: uncaughtException: Cannot find module 'D:\NODE JS PROGRAM\DINSHWAS_HOSTING_WEB\Dinshwas-Voucher-Entry-software\index.js'. Please verify that the package.json has a valid "main" entry
Error: Cannot find module 'D:\NODE JS PROGRAM\DINSHWAS_HOSTING_WEB\Dinshwas-Voucher-Entry-software\index.js'. Please verify that the package.json has a valid "main" entry
    at tryPackage (node:internal/modules/cjs/loader:448:19)
    at Module._findPath (node:internal/modules/cjs/loader:692:18)
    at Module._resolveFilename (node:internal/modules/cjs/loader:1076:27)
    at Module._load (node:internal/modules/cjs/loader:934:27)
    at Module.require (node:internal/modules/cjs/loader:1157:19)
    at require (node:internal/modules/helpers:119:18)
    at Object.<anonymous> (D:\NODE JS PROGRAM\DINSHWAS_HOSTING_WEB\Dinshwas-Voucher-Entry-software\routes\voucherRoute.js:4:17)
    at Module._compile (node:internal/modules/cjs/loader:1275:14)
    at Module._extensions..js (node:internal/modules/cjs/loader:1329:10)
    at Module.load (node:internal/modules/cjs/loader:1133:32)
[9/30/2023, 3:51:11 PM] error: uncaughtException: Cannot find module '../helpers/'
Require stack:
- D:\NODE JS PROGRAM\DINSHWAS_HOSTING_WEB\Dinshwas-Voucher-Entry-software\routes\voucherRoute.js
- D:\NODE JS PROGRAM\DINSHWAS_HOSTING_WEB\Dinshwas-Voucher-Entry-software\app.js
Error: Cannot find module '../helpers/'
Require stack:
- D:\NODE JS PROGRAM\DINSHWAS_HOSTING_WEB\Dinshwas-Voucher-Entry-software\routes\voucherRoute.js
- D:\NODE JS PROGRAM\DINSHWAS_HOSTING_WEB\Dinshwas-Voucher-Entry-software\app.js
    at Module._resolveFilename (node:internal/modules/cjs/loader:1090:15)
    at Module._load (node:internal/modules/cjs/loader:934:27)
    at Module.require (node:internal/modules/cjs/loader:1157:19)
    at require (node:internal/modules/helpers:119:18)
    at Object.<anonymous> (D:\NODE JS PROGRAM\DINSHWAS_HOSTING_WEB\Dinshwas-Voucher-Entry-software\routes\voucherRoute.js:4:17)
    at Module._compile (node:internal/modules/cjs/loader:1275:14)
    at Module._extensions..js (node:internal/modules/cjs/loader:1329:10)
    at Module.load (node:internal/modules/cjs/loader:1133:32)
    at Module._load (node:internal/modules/cjs/loader:972:12)
    at Module.require (node:internal/modules/cjs/loader:1157:19)
[9/30/2023, 3:51:17 PM] error: uncaughtException: userRoleValidationRules is not a function
TypeError: userRoleValidationRules is not a function
    at Object.<anonymous> (D:\NODE JS PROGRAM\DINSHWAS_HOSTING_WEB\Dinshwas-Voucher-Entry-software\routes\userRolesRoute.js:23:4)
    at Module._compile (node:internal/modules/cjs/loader:1275:14)
    at Module._extensions..js (node:internal/modules/cjs/loader:1329:10)
    at Module.load (node:internal/modules/cjs/loader:1133:32)
    at Module._load (node:internal/modules/cjs/loader:972:12)
    at Module.require (node:internal/modules/cjs/loader:1157:19)
    at require (node:internal/modules/helpers:119:18)
    at Object.<anonymous> (D:\NODE JS PROGRAM\DINSHWAS_HOSTING_WEB\Dinshwas-Voucher-Entry-software\app.js:71:45)
    at Module._compile (node:internal/modules/cjs/loader:1275:14)
    at Module._extensions..js (node:internal/modules/cjs/loader:1329:10)
[9/30/2023, 3:51:30 PM] error: uncaughtException: userRoleValidationRules is not a function
TypeError: userRoleValidationRules is not a function
    at Object.<anonymous> (D:\NODE JS PROGRAM\DINSHWAS_HOSTING_WEB\Dinshwas-Voucher-Entry-software\routes\userRolesRoute.js:23:4)
    at Module._compile (node:internal/modules/cjs/loader:1275:14)
    at Module._extensions..js (node:internal/modules/cjs/loader:1329:10)
    at Module.load (node:internal/modules/cjs/loader:1133:32)
    at Module._load (node:internal/modules/cjs/loader:972:12)
    at Module.require (node:internal/modules/cjs/loader:1157:19)
    at require (node:internal/modules/helpers:119:18)
    at Object.<anonymous> (D:\NODE JS PROGRAM\DINSHWAS_HOSTING_WEB\Dinshwas-Voucher-Entry-software\app.js:71:45)
    at Module._compile (node:internal/modules/cjs/loader:1275:14)
    at Module._extensions..js (node:internal/modules/cjs/loader:1329:10)
[9/30/2023, 3:51:51 PM] error: uncaughtException: userRoleValidationRules is not a function
TypeError: userRoleValidationRules is not a function
    at Object.<anonymous> (D:\NODE JS PROGRAM\DINSHWAS_HOSTING_WEB\Dinshwas-Voucher-Entry-software\routes\userRolesRoute.js:23:4)
    at Module._compile (node:internal/modules/cjs/loader:1275:14)
    at Module._extensions..js (node:internal/modules/cjs/loader:1329:10)
    at Module.load (node:internal/modules/cjs/loader:1133:32)
    at Module._load (node:internal/modules/cjs/loader:972:12)
    at Module.require (node:internal/modules/cjs/loader:1157:19)
    at require (node:internal/modules/helpers:119:18)
    at Object.<anonymous> (D:\NODE JS PROGRAM\DINSHWAS_HOSTING_WEB\Dinshwas-Voucher-Entry-software\app.js:71:45)
    at Module._compile (node:internal/modules/cjs/loader:1275:14)
    at Module._extensions..js (node:internal/modules/cjs/loader:1329:10)
[9/30/2023, 3:52:14 PM] error: uncaughtException: Route.post() requires a callback function but got a [object Undefined]
Error: Route.post() requires a callback function but got a [object Undefined]
    at Route.<computed> [as post] (D:\NODE JS PROGRAM\DINSHWAS_HOSTING_WEB\Dinshwas-Voucher-Entry-software\node_modules\express\lib\router\route.js:211:15)
    at proto.<computed> [as post] (D:\NODE JS PROGRAM\DINSHWAS_HOSTING_WEB\Dinshwas-Voucher-Entry-software\node_modules\express\lib\router\index.js:521:19)
    at Object.<anonymous> (D:\NODE JS PROGRAM\DINSHWAS_HOSTING_WEB\Dinshwas-Voucher-Entry-software\routes\voucherRoute.js:30:8)
    at Module._compile (node:internal/modules/cjs/loader:1275:14)
    at Module._extensions..js (node:internal/modules/cjs/loader:1329:10)
    at Module.load (node:internal/modules/cjs/loader:1133:32)
    at Module._load (node:internal/modules/cjs/loader:972:12)
    at Module.require (node:internal/modules/cjs/loader:1157:19)
    at require (node:internal/modules/helpers:119:18)
    at Object.<anonymous> (D:\NODE JS PROGRAM\DINSHWAS_HOSTING_WEB\Dinshwas-Voucher-Entry-software\app.js:69:29)
[9/30/2023, 3:52:34 PM] error: uncaughtException: Route.post() requires a callback function but got a [object Undefined]
Error: Route.post() requires a callback function but got a [object Undefined]
    at Route.<computed> [as post] (D:\NODE JS PROGRAM\DINSHWAS_HOSTING_WEB\Dinshwas-Voucher-Entry-software\node_modules\express\lib\router\route.js:211:15)
    at proto.<computed> [as post] (D:\NODE JS PROGRAM\DINSHWAS_HOSTING_WEB\Dinshwas-Voucher-Entry-software\node_modules\express\lib\router\index.js:521:19)
    at Object.<anonymous> (D:\NODE JS PROGRAM\DINSHWAS_HOSTING_WEB\Dinshwas-Voucher-Entry-software\routes\voucherRoute.js:30:8)
    at Module._compile (node:internal/modules/cjs/loader:1275:14)
    at Module._extensions..js (node:internal/modules/cjs/loader:1329:10)
    at Module.load (node:internal/modules/cjs/loader:1133:32)
    at Module._load (node:internal/modules/cjs/loader:972:12)
    at Module.require (node:internal/modules/cjs/loader:1157:19)
    at require (node:internal/modules/helpers:119:18)
    at Object.<anonymous> (D:\NODE JS PROGRAM\DINSHWAS_HOSTING_WEB\Dinshwas-Voucher-Entry-software\app.js:69:29)
[9/30/2023, 3:52:36 PM] error: uncaughtException: Identifier 'body' has already been declared
D:\NODE JS PROGRAM\DINSHWAS_HOSTING_WEB\Dinshwas-Voucher-Entry-software\helpers\validators\masterValidators.js:29
const {body, validationResult} = require('express-validator');
       ^

SyntaxError: Identifier 'body' has already been declared
    at internalCompileFunction (node:internal/vm:73:18)
    at wrapSafe (node:internal/modules/cjs/loader:1195:20)
    at Module._compile (node:internal/modules/cjs/loader:1239:27)
    at Module._extensions..js (node:internal/modules/cjs/loader:1329:10)
    at Module.load (node:internal/modules/cjs/loader:1133:32)
    at Module._load (node:internal/modules/cjs/loader:972:12)
    at Module.require (node:internal/modules/cjs/loader:1157:19)
    at require (node:internal/modules/helpers:119:18)
    at Object.<anonymous> (D:\NODE JS PROGRAM\DINSHWAS_HOSTING_WEB\Dinshwas-Voucher-Entry-software\routes\voucherRoute.js:6:5)
    at Module._compile (node:internal/modules/cjs/loader:1275:14)
[9/30/2023, 3:52:47 PM] error: uncaughtException: Identifier 'body' has already been declared
D:\NODE JS PROGRAM\DINSHWAS_HOSTING_WEB\Dinshwas-Voucher-Entry-software\helpers\validators\masterValidators.js:36
const {body, validationResult} = require('express-validator');
       ^

SyntaxError: Identifier 'body' has already been declared
    at internalCompileFunction (node:internal/vm:73:18)
    at wrapSafe (node:internal/modules/cjs/loader:1195:20)
    at Module._compile (node:internal/modules/cjs/loader:1239:27)
    at Module._extensions..js (node:internal/modules/cjs/loader:1329:10)
    at Module.load (node:internal/modules/cjs/loader:1133:32)
    at Module._load (node:internal/modules/cjs/loader:972:12)
    at Module.require (node:internal/modules/cjs/loader:1157:19)
    at require (node:internal/modules/helpers:119:18)
    at Object.<anonymous> (D:\NODE JS PROGRAM\DINSHWAS_HOSTING_WEB\Dinshwas-Voucher-Entry-software\routes\voucherRoute.js:6:5)
    at Module._compile (node:internal/modules/cjs/loader:1275:14)
[9/30/2023, 3:52:54 PM] error: uncaughtException: Identifier 'body' has already been declared
D:\NODE JS PROGRAM\DINSHWAS_HOSTING_WEB\Dinshwas-Voucher-Entry-software\helpers\validators\masterValidators.js:37
const {body, validationResult} = require('express-validator');
       ^

SyntaxError: Identifier 'body' has already been declared
    at internalCompileFunction (node:internal/vm:73:18)
    at wrapSafe (node:internal/modules/cjs/loader:1195:20)
    at Module._compile (node:internal/modules/cjs/loader:1239:27)
    at Module._extensions..js (node:internal/modules/cjs/loader:1329:10)
    at Module.load (node:internal/modules/cjs/loader:1133:32)
    at Module._load (node:internal/modules/cjs/loader:972:12)
    at Module.require (node:internal/modules/cjs/loader:1157:19)
    at require (node:internal/modules/helpers:119:18)
    at Object.<anonymous> (D:\NODE JS PROGRAM\DINSHWAS_HOSTING_WEB\Dinshwas-Voucher-Entry-software\routes\voucherRoute.js:6:5)
    at Module._compile (node:internal/modules/cjs/loader:1275:14)
[9/30/2023, 4:37:12 PM] error: uncaughtException: Identifier 'deletePatientDocTable' has already been declared
D:\NODE JS PROGRAM\DINSHWAS_HOSTING_WEB\Dinshwas-Voucher-Entry-software\controllers\digitalVoucherController.js:19
const deletePatientDocTable = async (req, res) => {
      ^

SyntaxError: Identifier 'deletePatientDocTable' has already been declared
    at internalCompileFunction (node:internal/vm:73:18)
    at wrapSafe (node:internal/modules/cjs/loader:1195:20)
    at Module._compile (node:internal/modules/cjs/loader:1239:27)
    at Module._extensions..js (node:internal/modules/cjs/loader:1329:10)
    at Module.load (node:internal/modules/cjs/loader:1133:32)
    at Module._load (node:internal/modules/cjs/loader:972:12)
    at Module.require (node:internal/modules/cjs/loader:1157:19)
    at require (node:internal/modules/helpers:119:18)
    at Object.<anonymous> (D:\NODE JS PROGRAM\DINSHWAS_HOSTING_WEB\Dinshwas-Voucher-Entry-software\routes\voucherRoute.js:7:34)
    at Module._compile (node:internal/modules/cjs/loader:1275:14)
[9/30/2023, 4:37:23 PM] error: uncaughtException: Unexpected token '}'
D:\NODE JS PROGRAM\DINSHWAS_HOSTING_WEB\Dinshwas-Voucher-Entry-software\controllers\digitalVoucherController.js:18
};
^

SyntaxError: Unexpected token '}'
    at internalCompileFunction (node:internal/vm:73:18)
    at wrapSafe (node:internal/modules/cjs/loader:1195:20)
    at Module._compile (node:internal/modules/cjs/loader:1239:27)
    at Module._extensions..js (node:internal/modules/cjs/loader:1329:10)
    at Module.load (node:internal/modules/cjs/loader:1133:32)
    at Module._load (node:internal/modules/cjs/loader:972:12)
    at Module.require (node:internal/modules/cjs/loader:1157:19)
    at require (node:internal/modules/helpers:119:18)
    at Object.<anonymous> (D:\NODE JS PROGRAM\DINSHWAS_HOSTING_WEB\Dinshwas-Voucher-Entry-software\routes\voucherRoute.js:7:34)
    at Module._compile (node:internal/modules/cjs/loader:1275:14)
[9/30/2023, 4:37:29 PM] error: uncaughtException: Unexpected token '}'
D:\NODE JS PROGRAM\DINSHWAS_HOSTING_WEB\Dinshwas-Voucher-Entry-software\controllers\digitalVoucherController.js:18
};
^

SyntaxError: Unexpected token '}'
    at internalCompileFunction (node:internal/vm:73:18)
    at wrapSafe (node:internal/modules/cjs/loader:1195:20)
    at Module._compile (node:internal/modules/cjs/loader:1239:27)
    at Module._extensions..js (node:internal/modules/cjs/loader:1329:10)
    at Module.load (node:internal/modules/cjs/loader:1133:32)
    at Module._load (node:internal/modules/cjs/loader:972:12)
    at Module.require (node:internal/modules/cjs/loader:1157:19)
    at require (node:internal/modules/helpers:119:18)
    at Object.<anonymous> (D:\NODE JS PROGRAM\DINSHWAS_HOSTING_WEB\Dinshwas-Voucher-Entry-software\routes\voucherRoute.js:7:34)
    at Module._compile (node:internal/modules/cjs/loader:1275:14)
[9/30/2023, 4:38:02 PM] error: uncaughtException: Invalid or unexpected token
D:\NODE JS PROGRAM\DINSHWAS_HOSTING_WEB\Dinshwas-Voucher-Entry-software\controllers\digitalVoucherController.js:19
    res.render('masterPages/digitalVoucher)
               ^^^^^^^^^^^^^^^^^^^^^^^^^^^^

SyntaxError: Invalid or unexpected token
    at internalCompileFunction (node:internal/vm:73:18)
    at wrapSafe (node:internal/modules/cjs/loader:1195:20)
    at Module._compile (node:internal/modules/cjs/loader:1239:27)
    at Module._extensions..js (node:internal/modules/cjs/loader:1329:10)
    at Module.load (node:internal/modules/cjs/loader:1133:32)
    at Module._load (node:internal/modules/cjs/loader:972:12)
    at Module.require (node:internal/modules/cjs/loader:1157:19)
    at require (node:internal/modules/helpers:119:18)
    at Object.<anonymous> (D:\NODE JS PROGRAM\DINSHWAS_HOSTING_WEB\Dinshwas-Voucher-Entry-software\routes\voucherRoute.js:7:34)
    at Module._compile (node:internal/modules/cjs/loader:1275:14)
[9/30/2023, 5:03:42 PM] error: uncaughtException: Unexpected token '('
D:\NODE JS PROGRAM\DINSHWAS_HOSTING_WEB\Dinshwas-Voucher-Entry-software\routes\voucherRoute.js:46
    await digitalVoucherController.(req, res);
                                   ^

SyntaxError: Unexpected token '('
    at internalCompileFunction (node:internal/vm:73:18)
    at wrapSafe (node:internal/modules/cjs/loader:1195:20)
    at Module._compile (node:internal/modules/cjs/loader:1239:27)
    at Module._extensions..js (node:internal/modules/cjs/loader:1329:10)
    at Module.load (node:internal/modules/cjs/loader:1133:32)
    at Module._load (node:internal/modules/cjs/loader:972:12)
    at Module.require (node:internal/modules/cjs/loader:1157:19)
    at require (node:internal/modules/helpers:119:18)
    at Object.<anonymous> (D:\NODE JS PROGRAM\DINSHWAS_HOSTING_WEB\Dinshwas-Voucher-Entry-software\app.js:69:29)
    at Module._compile (node:internal/modules/cjs/loader:1275:14)
[9/30/2023, 5:04:10 PM] error: uncaughtException: deletePatientDocTable is not defined
ReferenceError: deletePatientDocTable is not defined
    at Object.<anonymous> (D:\NODE JS PROGRAM\DINSHWAS_HOSTING_WEB\Dinshwas-Voucher-Entry-software\controllers\digitalVoucherController.js:182:5)
    at Module._compile (node:internal/modules/cjs/loader:1275:14)
    at Module._extensions..js (node:internal/modules/cjs/loader:1329:10)
    at Module.load (node:internal/modules/cjs/loader:1133:32)
    at Module._load (node:internal/modules/cjs/loader:972:12)
    at Module.require (node:internal/modules/cjs/loader:1157:19)
    at require (node:internal/modules/helpers:119:18)
    at Object.<anonymous> (D:\NODE JS PROGRAM\DINSHWAS_HOSTING_WEB\Dinshwas-Voucher-Entry-software\routes\voucherRoute.js:7:34)
    at Module._compile (node:internal/modules/cjs/loader:1275:14)
    at Module._extensions..js (node:internal/modules/cjs/loader:1329:10)
[9/30/2023, 5:04:16 PM] error: uncaughtException: deletePatientDocTable is not defined
ReferenceError: deletePatientDocTable is not defined
    at Object.<anonymous> (D:\NODE JS PROGRAM\DINSHWAS_HOSTING_WEB\Dinshwas-Voucher-Entry-software\controllers\digitalVoucherController.js:182:5)
    at Module._compile (node:internal/modules/cjs/loader:1275:14)
    at Module._extensions..js (node:internal/modules/cjs/loader:1329:10)
    at Module.load (node:internal/modules/cjs/loader:1133:32)
    at Module._load (node:internal/modules/cjs/loader:972:12)
    at Module.require (node:internal/modules/cjs/loader:1157:19)
    at require (node:internal/modules/helpers:119:18)
    at Object.<anonymous> (D:\NODE JS PROGRAM\DINSHWAS_HOSTING_WEB\Dinshwas-Voucher-Entry-software\routes\voucherRoute.js:7:34)
    at Module._compile (node:internal/modules/cjs/loader:1275:14)
    at Module._extensions..js (node:internal/modules/cjs/loader:1329:10)
[9/30/2023, 5:05:27 PM] error: uncaughtException: editPatientDoc is not defined
ReferenceError: editPatientDoc is not defined
    at Object.<anonymous> (D:\NODE JS PROGRAM\DINSHWAS_HOSTING_WEB\Dinshwas-Voucher-Entry-software\controllers\digitalVoucherController.js:180:5)
    at Module._compile (node:internal/modules/cjs/loader:1275:14)
    at Module._extensions..js (node:internal/modules/cjs/loader:1329:10)
    at Module.load (node:internal/modules/cjs/loader:1133:32)
    at Module._load (node:internal/modules/cjs/loader:972:12)
    at Module.require (node:internal/modules/cjs/loader:1157:19)
    at require (node:internal/modules/helpers:119:18)
    at Object.<anonymous> (D:\NODE JS PROGRAM\DINSHWAS_HOSTING_WEB\Dinshwas-Voucher-Entry-software\routes\voucherRoute.js:7:34)
    at Module._compile (node:internal/modules/cjs/loader:1275:14)
    at Module._extensions..js (node:internal/modules/cjs/loader:1329:10)
[9/30/2023, 5:05:29 PM] error: uncaughtException: editPatientDoc is not defined
ReferenceError: editPatientDoc is not defined
    at Object.<anonymous> (D:\NODE JS PROGRAM\DINSHWAS_HOSTING_WEB\Dinshwas-Voucher-Entry-software\controllers\digitalVoucherController.js:180:5)
    at Module._compile (node:internal/modules/cjs/loader:1275:14)
    at Module._extensions..js (node:internal/modules/cjs/loader:1329:10)
    at Module.load (node:internal/modules/cjs/loader:1133:32)
    at Module._load (node:internal/modules/cjs/loader:972:12)
    at Module.require (node:internal/modules/cjs/loader:1157:19)
    at require (node:internal/modules/helpers:119:18)
    at Object.<anonymous> (D:\NODE JS PROGRAM\DINSHWAS_HOSTING_WEB\Dinshwas-Voucher-Entry-software\routes\voucherRoute.js:7:34)
    at Module._compile (node:internal/modules/cjs/loader:1275:14)
    at Module._extensions..js (node:internal/modules/cjs/loader:1329:10)
[9/30/2023, 5:06:05 PM] error: uncaughtException: editPatientDoc is not defined
ReferenceError: editPatientDoc is not defined
    at Object.<anonymous> (D:\NODE JS PROGRAM\DINSHWAS_HOSTING_WEB\Dinshwas-Voucher-Entry-software\controllers\digitalVoucherController.js:180:5)
    at Module._compile (node:internal/modules/cjs/loader:1275:14)
    at Module._extensions..js (node:internal/modules/cjs/loader:1329:10)
    at Module.load (node:internal/modules/cjs/loader:1133:32)
    at Module._load (node:internal/modules/cjs/loader:972:12)
    at Module.require (node:internal/modules/cjs/loader:1157:19)
    at require (node:internal/modules/helpers:119:18)
    at Object.<anonymous> (D:\NODE JS PROGRAM\DINSHWAS_HOSTING_WEB\Dinshwas-Voucher-Entry-software\routes\voucherRoute.js:7:34)
    at Module._compile (node:internal/modules/cjs/loader:1275:14)
    at Module._extensions..js (node:internal/modules/cjs/loader:1329:10)
[9/30/2023, 5:48:09 PM] error: uncaughtException: Cannot destructure property 'originalname1' of 'req.file' as it is undefined.
TypeError: Cannot destructure property 'originalname1' of 'req.file' as it is undefined.
    at Object.updateVoucher (D:\NODE JS PROGRAM\DINSHWAS_HOSTING_WEB\Dinshwas-Voucher-Entry-software\controllers\digitalVoucherController.js:79:9)
    at process.processTicksAndRejections (node:internal/process/task_queues:95:5)
    at async D:\NODE JS PROGRAM\DINSHWAS_HOSTING_WEB\Dinshwas-Voucher-Entry-software\routes\voucherRoute.js:49:9
